<?xml version="1.0" encoding="UTF-8"?>
<testsuite xmlns:xsi="http://www.w3.org/2001/XMLSchema-instance" xsi:schemaLocation="https://maven.apache.org/surefire/maven-surefire-plugin/xsd/surefire-test-report.xsd" name="runner.RunnerTest" time="6.712" tests="89" errors="0" skipped="0" failures="0">
  <properties>
[...]
</properties>
  <testcase name="Given user wants save a process" classname="Scenario: Create Process - POST" time="0"/>
  <testcase name="And and the user informs a process data" classname="Scenario: Create Process - POST" time="0"/>
  <testcase name="When user clicks on save button" classname="Scenario: Create Process - POST" time="0"/>
  <testcase name="Then user should see &quot;Salvo com sucesso&quot; message" classname="Scenario: Create Process - POST" time="0"/>
  <testcase name="Scenario: Create Process - POST" classname="Scenario: Create Process - POST" time="0"/>
  <testcase name="Given user wants save a process" classname="Scenario: Show process detail - GET" time="0"/>
  <testcase name="And and the user informs a process data" classname="Scenario: Show process detail - GET" time="0"/>
  <testcase name="Given user wants see a process with ID" classname="Scenario: Show process detail - GET" time="0"/>
  <testcase name="When user clicks on see button" classname="Scenario: Show process detail - GET" time="0"/>
  <testcase name="Then user should see &quot;Consulta realizada com sucesso&quot; message" classname="Scenario: Show process detail - GET" time="0"/>
  <testcase name="Scenario: Show process detail - GET" classname="Scenario: Show process detail - GET" time="0"/>
  <testcase name="Given user wants save a process" classname="| 10 | 422 | Guarda2 |  | S | N | Gisele da Silva | 20/10/2022 | 20/10/2021 |  | Aguardando |  | Erro ao editar processo |" time="0"/>
  <testcase name="And and the user informs a process data" classname="| 10 | 422 | Guarda2 |  | S | N | Gisele da Silva | 20/10/2022 | 20/10/2021 |  | Aguardando |  | Erro ao editar processo |" time="0"/>
  <testcase name="Given user wants edit a process" classname="| 10 | 422 | Guarda2 |  | S | N | Gisele da Silva | 20/10/2022 | 20/10/2021 |  | Aguardando |  | Erro ao editar processo |" time="0"/>
  <testcase name="And user informs &quot;vara&quot; equals to &quot;10&quot;" classname="| 10 | 422 | Guarda2 |  | S | N | Gisele da Silva | 20/10/2022 | 20/10/2021 |  | Aguardando |  | Erro ao editar processo |" time="0"/>
  <testcase name="And user informs &quot;numero_processo&quot; equals to &quot;422&quot;" classname="| 10 | 422 | Guarda2 |  | S | N | Gisele da Silva | 20/10/2022 | 20/10/2021 |  | Aguardando |  | Erro ao editar processo |" time="0"/>
  <testcase name="And user informs &quot;natureza&quot; equals to &quot;Guarda2&quot;" classname="| 10 | 422 | Guarda2 |  | S | N | Gisele da Silva | 20/10/2022 | 20/10/2021 |  | Aguardando |  | Erro ao editar processo |" time="0"/>
  <testcase name="And user informs &quot;partes&quot; equals to &quot;&quot;" classname="| 10 | 422 | Guarda2 |  | S | N | Gisele da Silva | 20/10/2022 | 20/10/2021 |  | Aguardando |  | Erro ao editar processo |" time="0"/>
  <testcase name="And user informs &quot;urgente&quot; equals to &quot;S&quot;" classname="| 10 | 422 | Guarda2 |  | S | N | Gisele da Silva | 20/10/2022 | 20/10/2021 |  | Aguardando |  | Erro ao editar processo |" time="0"/>
  <testcase name="And user informs &quot;arbitramento&quot; equals to &quot;N&quot;" classname="| 10 | 422 | Guarda2 |  | S | N | Gisele da Silva | 20/10/2022 | 20/10/2021 |  | Aguardando |  | Erro ao editar processo |" time="0"/>
  <testcase name="And user informs &quot;assistente_social&quot; equals to &quot;Gisele da Silva&quot;" classname="| 10 | 422 | Guarda2 |  | S | N | Gisele da Silva | 20/10/2022 | 20/10/2021 |  | Aguardando |  | Erro ao editar processo |" time="0"/>
  <testcase name="And user informs &quot;data_entrada&quot; equals to &quot;20/10/2022&quot;" classname="| 10 | 422 | Guarda2 |  | S | N | Gisele da Silva | 20/10/2022 | 20/10/2021 |  | Aguardando |  | Erro ao editar processo |" time="0"/>
  <testcase name="And user informs &quot;data_saida&quot; equals to &quot;20/10/2021&quot;" classname="| 10 | 422 | Guarda2 |  | S | N | Gisele da Silva | 20/10/2022 | 20/10/2021 |  | Aguardando |  | Erro ao editar processo |" time="0"/>
  <testcase name="And user informs &quot;data_agendamento&quot; equals to &quot;&quot;" classname="| 10 | 422 | Guarda2 |  | S | N | Gisele da Silva | 20/10/2022 | 20/10/2021 |  | Aguardando |  | Erro ao editar processo |" time="0"/>
  <testcase name="And user informs &quot;status&quot; equals to &quot;Aguardando&quot;" classname="| 10 | 422 | Guarda2 |  | S | N | Gisele da Silva | 20/10/2022 | 20/10/2021 |  | Aguardando |  | Erro ao editar processo |" time="0.001"/>
  <testcase name="And user informs &quot;observacao&quot; equals to &quot;&quot;" classname="| 10 | 422 | Guarda2 |  | S | N | Gisele da Silva | 20/10/2022 | 20/10/2021 |  | Aguardando |  | Erro ao editar processo |" time="0"/>
  <testcase name="When user clicks on edit button" classname="| 10 | 422 | Guarda2 |  | S | N | Gisele da Silva | 20/10/2022 | 20/10/2021 |  | Aguardando |  | Erro ao editar processo |" time="0"/>
  <testcase name="Then user should see &quot;Erro ao editar processo&quot; message" classname="| 10 | 422 | Guarda2 |  | S | N | Gisele da Silva | 20/10/2022 | 20/10/2021 |  | Aguardando |  | Erro ao editar processo |" time="0"/>
  <testcase name="| 10 | 422 | Guarda2 |  | S | N | Gisele da Silva | 20/10/2022 | 20/10/2021 |  | Aguardando |  | Erro ao editar processo |" classname="| 10 | 422 | Guarda2 |  | S | N | Gisele da Silva | 20/10/2022 | 20/10/2021 |  | Aguardando |  | Erro ao editar processo |" time="0"/>
  <testcase name="Given user wants save a process" classname="| 10 | 422 | Guarda2 | JOao X Maria | S | N | Gisele da Silva | 20/10/2022 | 20/10/2021 |  | Aguardando | Vai ser incrivel | Processo editado com sucesso |" time="0"/>
  <testcase name="And and the user informs a process data" classname="| 10 | 422 | Guarda2 | JOao X Maria | S | N | Gisele da Silva | 20/10/2022 | 20/10/2021 |  | Aguardando | Vai ser incrivel | Processo editado com sucesso |" time="0"/>
  <testcase name="Given user wants edit a process" classname="| 10 | 422 | Guarda2 | JOao X Maria | S | N | Gisele da Silva | 20/10/2022 | 20/10/2021 |  | Aguardando | Vai ser incrivel | Processo editado com sucesso |" time="0"/>
  <testcase name="And user informs &quot;vara&quot; equals to &quot;10&quot;" classname="| 10 | 422 | Guarda2 | JOao X Maria | S | N | Gisele da Silva | 20/10/2022 | 20/10/2021 |  | Aguardando | Vai ser incrivel | Processo editado com sucesso |" time="0"/>
  <testcase name="And user informs &quot;numero_processo&quot; equals to &quot;422&quot;" classname="| 10 | 422 | Guarda2 | JOao X Maria | S | N | Gisele da Silva | 20/10/2022 | 20/10/2021 |  | Aguardando | Vai ser incrivel | Processo editado com sucesso |" time="0"/>
  <testcase name="And user informs &quot;natureza&quot; equals to &quot;Guarda2&quot;" classname="| 10 | 422 | Guarda2 | JOao X Maria | S | N | Gisele da Silva | 20/10/2022 | 20/10/2021 |  | Aguardando | Vai ser incrivel | Processo editado com sucesso |" time="0"/>
  <testcase name="And user informs &quot;partes&quot; equals to &quot;JOao X Maria&quot;" classname="| 10 | 422 | Guarda2 | JOao X Maria | S | N | Gisele da Silva | 20/10/2022 | 20/10/2021 |  | Aguardando | Vai ser incrivel | Processo editado com sucesso |" time="0"/>
  <testcase name="And user informs &quot;urgente&quot; equals to &quot;S&quot;" classname="| 10 | 422 | Guarda2 | JOao X Maria | S | N | Gisele da Silva | 20/10/2022 | 20/10/2021 |  | Aguardando | Vai ser incrivel | Processo editado com sucesso |" time="0.001"/>
  <testcase name="And user informs &quot;arbitramento&quot; equals to &quot;N&quot;" classname="| 10 | 422 | Guarda2 | JOao X Maria | S | N | Gisele da Silva | 20/10/2022 | 20/10/2021 |  | Aguardando | Vai ser incrivel | Processo editado com sucesso |" time="0"/>
  <testcase name="And user informs &quot;assistente_social&quot; equals to &quot;Gisele da Silva&quot;" classname="| 10 | 422 | Guarda2 | JOao X Maria | S | N | Gisele da Silva | 20/10/2022 | 20/10/2021 |  | Aguardando | Vai ser incrivel | Processo editado com sucesso |" time="0"/>
  <testcase name="And user informs &quot;data_entrada&quot; equals to &quot;20/10/2022&quot;" classname="| 10 | 422 | Guarda2 | JOao X Maria | S | N | Gisele da Silva | 20/10/2022 | 20/10/2021 |  | Aguardando | Vai ser incrivel | Processo editado com sucesso |" time="0"/>
  <testcase name="And user informs &quot;data_saida&quot; equals to &quot;20/10/2021&quot;" classname="| 10 | 422 | Guarda2 | JOao X Maria | S | N | Gisele da Silva | 20/10/2022 | 20/10/2021 |  | Aguardando | Vai ser incrivel | Processo editado com sucesso |" time="0"/>
  <testcase name="And user informs &quot;data_agendamento&quot; equals to &quot;&quot;" classname="| 10 | 422 | Guarda2 | JOao X Maria | S | N | Gisele da Silva | 20/10/2022 | 20/10/2021 |  | Aguardando | Vai ser incrivel | Processo editado com sucesso |" time="0"/>
  <testcase name="And user informs &quot;status&quot; equals to &quot;Aguardando&quot;" classname="| 10 | 422 | Guarda2 | JOao X Maria | S | N | Gisele da Silva | 20/10/2022 | 20/10/2021 |  | Aguardando | Vai ser incrivel | Processo editado com sucesso |" time="0"/>
  <testcase name="And user informs &quot;observacao&quot; equals to &quot;Vai ser incrivel&quot;" classname="| 10 | 422 | Guarda2 | JOao X Maria | S | N | Gisele da Silva | 20/10/2022 | 20/10/2021 |  | Aguardando | Vai ser incrivel | Processo editado com sucesso |" time="0"/>
  <testcase name="When user clicks on edit button" classname="| 10 | 422 | Guarda2 | JOao X Maria | S | N | Gisele da Silva | 20/10/2022 | 20/10/2021 |  | Aguardando | Vai ser incrivel | Processo editado com sucesso |" time="0"/>
  <testcase name="Then user should see &quot;Processo editado com sucesso&quot; message" classname="| 10 | 422 | Guarda2 | JOao X Maria | S | N | Gisele da Silva | 20/10/2022 | 20/10/2021 |  | Aguardando | Vai ser incrivel | Processo editado com sucesso |" time="0"/>
  <testcase name="| 10 | 422 | Guarda2 | JOao X Maria | S | N | Gisele da Silva | 20/10/2022 | 20/10/2021 |  | Aguardando | Vai ser incrivel | Processo editado com sucesso |" classname="| 10 | 422 | Guarda2 | JOao X Maria | S | N | Gisele da Silva | 20/10/2022 | 20/10/2021 |  | Aguardando | Vai ser incrivel | Processo editado com sucesso |" time="0"/>
  <testcase name="Given user wants save a process" classname="| 10 | 422 | Guarda2 | Fulatinha | S |  | Gisele da Silva | 20/10/2022 | 20/10/2021 |  | Aguardando |  | Erro ao editar processo |" time="0"/>
  <testcase name="And and the user informs a process data" classname="| 10 | 422 | Guarda2 | Fulatinha | S |  | Gisele da Silva | 20/10/2022 | 20/10/2021 |  | Aguardando |  | Erro ao editar processo |" time="0"/>
  <testcase name="Given user wants edit a process" classname="| 10 | 422 | Guarda2 | Fulatinha | S |  | Gisele da Silva | 20/10/2022 | 20/10/2021 |  | Aguardando |  | Erro ao editar processo |" time="0"/>
  <testcase name="And user informs &quot;vara&quot; equals to &quot;10&quot;" classname="| 10 | 422 | Guarda2 | Fulatinha | S |  | Gisele da Silva | 20/10/2022 | 20/10/2021 |  | Aguardando |  | Erro ao editar processo |" time="0"/>
  <testcase name="And user informs &quot;numero_processo&quot; equals to &quot;422&quot;" classname="| 10 | 422 | Guarda2 | Fulatinha | S |  | Gisele da Silva | 20/10/2022 | 20/10/2021 |  | Aguardando |  | Erro ao editar processo |" time="0"/>
  <testcase name="And user informs &quot;natureza&quot; equals to &quot;Guarda2&quot;" classname="| 10 | 422 | Guarda2 | Fulatinha | S |  | Gisele da Silva | 20/10/2022 | 20/10/2021 |  | Aguardando |  | Erro ao editar processo |" time="0"/>
  <testcase name="And user informs &quot;partes&quot; equals to &quot;Fulatinha&quot;" classname="| 10 | 422 | Guarda2 | Fulatinha | S |  | Gisele da Silva | 20/10/2022 | 20/10/2021 |  | Aguardando |  | Erro ao editar processo |" time="0"/>
  <testcase name="And user informs &quot;urgente&quot; equals to &quot;S&quot;" classname="| 10 | 422 | Guarda2 | Fulatinha | S |  | Gisele da Silva | 20/10/2022 | 20/10/2021 |  | Aguardando |  | Erro ao editar processo |" time="0"/>
  <testcase name="And user informs &quot;arbitramento&quot; equals to &quot;&quot;" classname="| 10 | 422 | Guarda2 | Fulatinha | S |  | Gisele da Silva | 20/10/2022 | 20/10/2021 |  | Aguardando |  | Erro ao editar processo |" time="0"/>
  <testcase name="And user informs &quot;assistente_social&quot; equals to &quot;Gisele da Silva&quot;" classname="| 10 | 422 | Guarda2 | Fulatinha | S |  | Gisele da Silva | 20/10/2022 | 20/10/2021 |  | Aguardando |  | Erro ao editar processo |" time="0"/>
  <testcase name="And user informs &quot;data_entrada&quot; equals to &quot;20/10/2022&quot;" classname="| 10 | 422 | Guarda2 | Fulatinha | S |  | Gisele da Silva | 20/10/2022 | 20/10/2021 |  | Aguardando |  | Erro ao editar processo |" time="0"/>
  <testcase name="And user informs &quot;data_saida&quot; equals to &quot;20/10/2021&quot;" classname="| 10 | 422 | Guarda2 | Fulatinha | S |  | Gisele da Silva | 20/10/2022 | 20/10/2021 |  | Aguardando |  | Erro ao editar processo |" time="0"/>
  <testcase name="And user informs &quot;data_agendamento&quot; equals to &quot;&quot;" classname="| 10 | 422 | Guarda2 | Fulatinha | S |  | Gisele da Silva | 20/10/2022 | 20/10/2021 |  | Aguardando |  | Erro ao editar processo |" time="0"/>
  <testcase name="And user informs &quot;status&quot; equals to &quot;Aguardando&quot;" classname="| 10 | 422 | Guarda2 | Fulatinha | S |  | Gisele da Silva | 20/10/2022 | 20/10/2021 |  | Aguardando |  | Erro ao editar processo |" time="0"/>
  <testcase name="And user informs &quot;observacao&quot; equals to &quot;&quot;" classname="| 10 | 422 | Guarda2 | Fulatinha | S |  | Gisele da Silva | 20/10/2022 | 20/10/2021 |  | Aguardando |  | Erro ao editar processo |" time="0"/>
  <testcase name="When user clicks on edit button" classname="| 10 | 422 | Guarda2 | Fulatinha | S |  | Gisele da Silva | 20/10/2022 | 20/10/2021 |  | Aguardando |  | Erro ao editar processo |" time="0"/>
  <testcase name="Then user should see &quot;Erro ao editar processo&quot; message" classname="| 10 | 422 | Guarda2 | Fulatinha | S |  | Gisele da Silva | 20/10/2022 | 20/10/2021 |  | Aguardando |  | Erro ao editar processo |" time="0.003"/>
  <testcase name="| 10 | 422 | Guarda2 | Fulatinha | S |  | Gisele da Silva | 20/10/2022 | 20/10/2021 |  | Aguardando |  | Erro ao editar processo |" classname="| 10 | 422 | Guarda2 | Fulatinha | S |  | Gisele da Silva | 20/10/2022 | 20/10/2021 |  | Aguardando |  | Erro ao editar processo |" time="0.003"/>
  <testcase name="Given user wants save a process" classname="| 1 | 1 | Auditoria | Empresa X Empresa | N | N | Clayton das couves | 01/02/2018 |  | 01/02/2023 | Em Analise |  | Processo editado com sucesso |" time="0"/>
  <testcase name="And and the user informs a process data" classname="| 1 | 1 | Auditoria | Empresa X Empresa | N | N | Clayton das couves | 01/02/2018 |  | 01/02/2023 | Em Analise |  | Processo editado com sucesso |" time="0"/>
  <testcase name="Given user wants edit a process" classname="| 1 | 1 | Auditoria | Empresa X Empresa | N | N | Clayton das couves | 01/02/2018 |  | 01/02/2023 | Em Analise |  | Processo editado com sucesso |" time="0"/>
  <testcase name="And user informs &quot;vara&quot; equals to &quot;1&quot;" classname="| 1 | 1 | Auditoria | Empresa X Empresa | N | N | Clayton das couves | 01/02/2018 |  | 01/02/2023 | Em Analise |  | Processo editado com sucesso |" time="0"/>
  <testcase name="And user informs &quot;numero_processo&quot; equals to &quot;1&quot;" classname="| 1 | 1 | Auditoria | Empresa X Empresa | N | N | Clayton das couves | 01/02/2018 |  | 01/02/2023 | Em Analise |  | Processo editado com sucesso |" time="0"/>
  <testcase name="And user informs &quot;natureza&quot; equals to &quot;Auditoria&quot;" classname="| 1 | 1 | Auditoria | Empresa X Empresa | N | N | Clayton das couves | 01/02/2018 |  | 01/02/2023 | Em Analise |  | Processo editado com sucesso |" time="0"/>
  <testcase name="And user informs &quot;partes&quot; equals to &quot;Empresa X Empresa&quot;" classname="| 1 | 1 | Auditoria | Empresa X Empresa | N | N | Clayton das couves | 01/02/2018 |  | 01/02/2023 | Em Analise |  | Processo editado com sucesso |" time="0"/>
  <testcase name="And user informs &quot;urgente&quot; equals to &quot;N&quot;" classname="| 1 | 1 | Auditoria | Empresa X Empresa | N | N | Clayton das couves | 01/02/2018 |  | 01/02/2023 | Em Analise |  | Processo editado com sucesso |" time="0"/>
  <testcase name="And user informs &quot;arbitramento&quot; equals to &quot;N&quot;" classname="| 1 | 1 | Auditoria | Empresa X Empresa | N | N | Clayton das couves | 01/02/2018 |  | 01/02/2023 | Em Analise |  | Processo editado com sucesso |" time="0"/>
  <testcase name="And user informs &quot;assistente_social&quot; equals to &quot;Clayton das couves&quot;" classname="| 1 | 1 | Auditoria | Empresa X Empresa | N | N | Clayton das couves | 01/02/2018 |  | 01/02/2023 | Em Analise |  | Processo editado com sucesso |" time="0"/>
  <testcase name="And user informs &quot;data_entrada&quot; equals to &quot;01/02/2018&quot;" classname="| 1 | 1 | Auditoria | Empresa X Empresa | N | N | Clayton das couves | 01/02/2018 |  | 01/02/2023 | Em Analise |  | Processo editado com sucesso |" time="0"/>
  <testcase name="And user informs &quot;data_saida&quot; equals to &quot;&quot;" classname="| 1 | 1 | Auditoria | Empresa X Empresa | N | N | Clayton das couves | 01/02/2018 |  | 01/02/2023 | Em Analise |  | Processo editado com sucesso |" time="0"/>
  <testcase name="And user informs &quot;data_agendamento&quot; equals to &quot;01/02/2023&quot;" classname="| 1 | 1 | Auditoria | Empresa X Empresa | N | N | Clayton das couves | 01/02/2018 |  | 01/02/2023 | Em Analise |  | Processo editado com sucesso |" time="0"/>
  <testcase name="And user informs &quot;status&quot; equals to &quot;Em Analise&quot;" classname="| 1 | 1 | Auditoria | Empresa X Empresa | N | N | Clayton das couves | 01/02/2018 |  | 01/02/2023 | Em Analise |  | Processo editado com sucesso |" time="0"/>
  <testcase name="And user informs &quot;observacao&quot; equals to &quot;&quot;" classname="| 1 | 1 | Auditoria | Empresa X Empresa | N | N | Clayton das couves | 01/02/2018 |  | 01/02/2023 | Em Analise |  | Processo editado com sucesso |" time="0"/>
  <testcase name="When user clicks on edit button" classname="| 1 | 1 | Auditoria | Empresa X Empresa | N | N | Clayton das couves | 01/02/2018 |  | 01/02/2023 | Em Analise |  | Processo editado com sucesso |" time="0.007"/>
  <testcase name="Then user should see &quot;Processo editado com sucesso&quot; message" classname="| 1 | 1 | Auditoria | Empresa X Empresa | N | N | Clayton das couves | 01/02/2018 |  | 01/02/2023 | Em Analise |  | Processo editado com sucesso |" time="0"/>
  <testcase name="| 1 | 1 | Auditoria | Empresa X Empresa | N | N | Clayton das couves | 01/02/2018 |  | 01/02/2023 | Em Analise |  | Processo editado com sucesso |" classname="| 1 | 1 | Auditoria | Empresa X Empresa | N | N | Clayton das couves | 01/02/2018 |  | 01/02/2023 | Em Analise |  | Processo editado com sucesso |" time="0"/>
  <testcase name="Given user wants save a process" classname="Scenario: Delete process - DELETE" time="0"/>
  <testcase name="And and the user informs a process data" classname="Scenario: Delete process - DELETE" time="0"/>
  <testcase name="Given user wants delete a process with ID" classname="Scenario: Delete process - DELETE" time="0"/>
  <testcase name="When user clicks on delete button" classname="Scenario: Delete process - DELETE" time="0"/>
  <testcase name="Then user should see &quot;Deletado com sucesso&quot; message" classname="Scenario: Delete process - DELETE" time="0"/>
  <testcase name="Scenario: Delete process - DELETE" classname="Scenario: Delete process - DELETE" time="0"/>
</testsuite>